Loading      D:\PROJECTS\IKA\IKA\DIST\CLAUDIA.IKA-SPRITE
Loading      D:\PROJECTS\IKA\IKA\DIST\CLOUD.IKA-SPRITE
Loading      D:\PROJECTS\IKA\IKA\DIST\CLYDE.IKA-SPRITE
Loading      D:\PROJECTS\IKA\IKA\DIST\DEATH.IKA-SPRITE
Loading      D:\PROJECTS\IKA\IKA\DIST\EVIL_SIGN.IKA-SPRITE
Loading      D:\PROJECTS\IKA\IKA\DIST\FLATTOP.IKA-SPRITE
Loading      D:\PROJECTS\IKA\IKA\DIST\FRIEDRICE.IKA-SPRITE
Loading      D:\PROJECTS\IKA\IKA\DIST\KNIGHT.IKA-SPRITE
Loading      D:\PROJECTS\IKA\IKA\DIST\REDGUY.IKA-SPRITE
Loading      D:\PROJECTS\IKA\IKA\DIST\SPRITE0.IKA-SPRITE
Loading      D:\PROJECTS\IKA\IKA\DIST\SPRITE1.IKA-SPRITE
Loading      D:\PROJECTS\IKA\IKA\DIST\SPRITE2.IKA-SPRITE
Loading      D:\PROJECTS\IKA\IKA\DIST\SPRITE3.IKA-SPRITE
Loading      D:\PROJECTS\IKA\IKA\DIST\SPRITE4.IKA-SPRITE
Loading      D:\PROJECTS\IKA\IKA\DIST\SPRITE5.IKA-SPRITE
Loading      D:\PROJECTS\IKA\IKA\DIST\SPRITE6.IKA-SPRITE
Loading      D:\PROJECTS\IKA\IKA\DIST\SPRITE7.IKA-SPRITE
Loading      D:\PROJECTS\IKA\IKA\DIST\SPRITE8.IKA-SPRITE
Loading      D:\PROJECTS\IKA\IKA\DIST\SWITCH.IKA-SPRITE
Loading      D:\PROJECTS\IKA\IKA\DIST\TREASURE.IKA-SPRITE
Deallocating D:\PROJECTS\IKA\IKA\DIST\TREASURE.IKA-SPRITE
Deallocating D:\PROJECTS\IKA\IKA\DIST\SWITCH.IKA-SPRITE
Deallocating D:\PROJECTS\IKA\IKA\DIST\SPRITE8.IKA-SPRITE
Deallocating D:\PROJECTS\IKA\IKA\DIST\SPRITE7.IKA-SPRITE
Deallocating D:\PROJECTS\IKA\IKA\DIST\SPRITE6.IKA-SPRITE
Deallocating D:\PROJECTS\IKA\IKA\DIST\SPRITE5.IKA-SPRITE
Deallocating D:\PROJECTS\IKA\IKA\DIST\SPRITE4.IKA-SPRITE
Deallocating D:\PROJECTS\IKA\IKA\DIST\SPRITE3.IKA-SPRITE
Deallocating D:\PROJECTS\IKA\IKA\DIST\SPRITE2.IKA-SPRITE
Deallocating D:\PROJECTS\IKA\IKA\DIST\SPRITE1.IKA-SPRITE
Deallocating D:\PROJECTS\IKA\IKA\DIST\SPRITE0.IKA-SPRITE
Deallocating D:\PROJECTS\IKA\IKA\DIST\REDGUY.IKA-SPRITE
Deallocating D:\PROJECTS\IKA\IKA\DIST\KNIGHT.IKA-SPRITE
Deallocating D:\PROJECTS\IKA\IKA\DIST\FRIEDRICE.IKA-SPRITE
Deallocating D:\PROJECTS\IKA\IKA\DIST\FLATTOP.IKA-SPRITE
Deallocating D:\PROJECTS\IKA\IKA\DIST\EVIL_SIGN.IKA-SPRITE
Deallocating D:\PROJECTS\IKA\IKA\DIST\DEATH.IKA-SPRITE
Deallocating D:\PROJECTS\IKA\IKA\DIST\CLYDE.IKA-SPRITE
Deallocating D:\PROJECTS\IKA\IKA\DIST\CLOUD.IKA-SPRITE
Deallocating D:\PROJECTS\IKA\IKA\DIST\CLAUDIA.IKA-SPRITE
